<?xml version="1.0" encoding="UTF-8"?>
<!-- Generated by org.testng.reporters.JUnitReportReporter -->
<testsuite skipped="0" hostname="LAPTOP-H0F3K1T2" name="TesNGTestCase.FirstTestngFile" tests="1" failures="0" timestamp="2020-02-19T17:05:00 PST" time="10.617" errors="0">
  <testcase name="verifyHomepageTitle" time="10.617" classname="TesNGTestCase.FirstTestngFile"/>
  <system-out/>
</testsuite> <!-- TesNGTestCase.FirstTestngFile -->
