<?xml version="1.0" encoding="UTF-8"?>
<!-- Generated by org.testng.reporters.JUnitReportReporter -->
<testsuite skipped="0" hostname="LAPTOP-H0F3K1T2" name="TesNGTestCase.BoforeAndAfterTestandMethods" tests="2" failures="0" timestamp="2020-02-19T17:12:31 PST" time="19.982" errors="0">
  <testcase name="register" time="9.763" classname="TesNGTestCase.BoforeAndAfterTestandMethods"/>
  <system-out/>
  <testcase name="support" time="10.219" classname="TesNGTestCase.BoforeAndAfterTestandMethods"/>
  <system-out/>
</testsuite> <!-- TesNGTestCase.BoforeAndAfterTestandMethods -->
